<?xml version="1.0" encoding="UTF-8"?>
<testsuite xmlns:xsi="http://www.w3.org/2001/XMLSchema-instance" xsi:noNamespaceSchemaLocation="https://maven.apache.org/surefire/maven-surefire-plugin/xsd/surefire-test-report.xsd" version="3.0.2" name="com.softwareanalytics.bank.BankAccountTest" time="0.093" tests="0" errors="0" skipped="0" failures="0">
  <properties>
[...]
</properties>
  <testcase name="extraCoverage" classname="BankAccount Tests" time="0.033"/>
  <testcase name="withdrawInsufficientFunds" classname="withdraw" time="0.005"/>
  <testcase name="withdrawHappyPath" classname="withdraw" time="0.001"/>
  <testcase name="withdrawNegativeAmount" classname="withdraw" time="0.001"/>
  <testcase name="withdrawExactBalanceToZero" classname="withdraw" time="0.002"/>
  <testcase name="depositHappyPath" classname="deposit" time="0.002"/>
  <testcase name="depositMultipleTimes" classname="deposit" time="0.001"/>
  <testcase name="constructorWithValidArguments" classname="Constructor" time="0.001"/>
</testsuite>